#-----------------------------------------------------------
# updatemem v2019.1 (64-bit)
# SW Build 2552052 on Fri May 24 14:47:09 MDT 2019
# IP Build 2548770 on Fri May 24 18:01:18 MDT 2019
# Start of session at: Wed Mar  1 17:02:11 2023
# Process ID: 135930
# Current directory: /user/2/.base/duhamale/home/Desktop/Archi/TP5_src_etd
# Command line: updatemem -mode batch -source /bigsoft/Xilinx/Vivado/2019.1/scripts/updatemem/main.tcl -notrace -tclargs -meminfo system.mmi -data boot_defaut.mem -proc i_periph/iRAM/XPM_RAM/xpm_memory_base_inst -bit golden.bit -out download.bit -force -debug
# Log file: /user/2/.base/duhamale/home/Desktop/Archi/TP5_src_etd/updatemem.log
# Journal file: /user/2/.base/duhamale/home/Desktop/Archi/TP5_src_etd/updatemem.jou
#-----------------------------------------------------------
source /bigsoft/Xilinx/Vivado/2019.1/scripts/updatemem/main.tcl -notrace
Command: update_mem -meminfo system.mmi -data boot_defaut.mem -proc i_periph/iRAM/XPM_RAM/xpm_memory_base_inst -bit golden.bit -out download.bit -force -debug
Loading bitfile golden.bit
Loading data files...
Updating memory content...
Creating bitstream...
Writing bitstream download.bit...
0 Infos, 0 Warnings, 0 Critical Warnings and 0 Errors encountered.
update_mem completed successfully
update_mem: Time (s): cpu = 00:00:05 ; elapsed = 00:00:05 . Memory (MB): peak = 1058.172 ; gain = 446.000 ; free physical = 24081 ; free virtual = 39043
INFO: [Common 17-206] Exiting updatemem at Wed Mar  1 17:02:17 2023...
